2025-11-08 14:16:37,668 - my_fastapi_app - INFO - /home/yasin/all_program/cpl/app/logger.py:74 - Logger initialized. Daily rotation at midnight enabled.
2025-11-08 14:16:37,669 - my_fastapi_app - INFO - /home/yasin/all_program/cpl/app/lifespan.py:18 - Logger setup completed during startup.
2025-11-08 14:16:37,785 - my_fastapi_app - INFO - /home/yasin/all_program/cpl/app/lifespan.py:24 - -----------------------------------
2025-11-08 14:16:37,786 - my_fastapi_app - INFO - /home/yasin/all_program/cpl/app/lifespan.py:25 - Database schema created at 08/11/2025, 08:16:37
2025-11-08 14:16:37,787 - my_fastapi_app - INFO - /home/yasin/all_program/cpl/app/lifespan.py:26 - -----------------------------------
2025-11-08 14:16:51,599 - my_fastapi_app - INFO - /home/yasin/all_program/cpl/app/logger.py:74 - Logger initialized. Daily rotation at midnight enabled.
2025-11-08 14:16:51,599 - my_fastapi_app - INFO - /home/yasin/all_program/cpl/app/lifespan.py:18 - Logger setup completed during startup.
2025-11-08 14:16:51,664 - my_fastapi_app - INFO - /home/yasin/all_program/cpl/app/lifespan.py:24 - -----------------------------------
2025-11-08 14:16:51,665 - my_fastapi_app - INFO - /home/yasin/all_program/cpl/app/lifespan.py:25 - Database schema created at 08/11/2025, 08:16:51
2025-11-08 14:16:51,665 - my_fastapi_app - INFO - /home/yasin/all_program/cpl/app/lifespan.py:26 - -----------------------------------
2025-11-08 14:16:56,465 - my_fastapi_app - INFO - /home/yasin/all_program/cpl/app/logger.py:74 - Logger initialized. Daily rotation at midnight enabled.
2025-11-08 14:16:56,466 - my_fastapi_app - INFO - /home/yasin/all_program/cpl/app/lifespan.py:18 - Logger setup completed during startup.
2025-11-08 14:16:56,500 - my_fastapi_app - INFO - /home/yasin/all_program/cpl/app/lifespan.py:24 - -----------------------------------
2025-11-08 14:16:56,501 - my_fastapi_app - INFO - /home/yasin/all_program/cpl/app/lifespan.py:25 - Database schema created at 08/11/2025, 08:16:56
2025-11-08 14:16:56,501 - my_fastapi_app - INFO - /home/yasin/all_program/cpl/app/lifespan.py:26 - -----------------------------------
2025-11-08 14:16:59,786 - my_fastapi_app - INFO - /home/yasin/all_program/cpl/app/logger.py:74 - Logger initialized. Daily rotation at midnight enabled.
2025-11-08 14:16:59,786 - my_fastapi_app - INFO - /home/yasin/all_program/cpl/app/lifespan.py:18 - Logger setup completed during startup.
2025-11-08 14:16:59,843 - my_fastapi_app - INFO - /home/yasin/all_program/cpl/app/lifespan.py:24 - -----------------------------------
2025-11-08 14:16:59,844 - my_fastapi_app - INFO - /home/yasin/all_program/cpl/app/lifespan.py:25 - Database schema created at 08/11/2025, 08:16:59
2025-11-08 14:16:59,844 - my_fastapi_app - INFO - /home/yasin/all_program/cpl/app/lifespan.py:26 - -----------------------------------
2025-11-08 14:17:03,918 - my_fastapi_app - INFO - /home/yasin/all_program/cpl/app/logger.py:74 - Logger initialized. Daily rotation at midnight enabled.
2025-11-08 14:17:03,918 - my_fastapi_app - INFO - /home/yasin/all_program/cpl/app/lifespan.py:18 - Logger setup completed during startup.
2025-11-08 14:17:03,958 - my_fastapi_app - INFO - /home/yasin/all_program/cpl/app/lifespan.py:24 - -----------------------------------
2025-11-08 14:17:03,959 - my_fastapi_app - INFO - /home/yasin/all_program/cpl/app/lifespan.py:25 - Database schema created at 08/11/2025, 08:17:03
2025-11-08 14:17:03,959 - my_fastapi_app - INFO - /home/yasin/all_program/cpl/app/lifespan.py:26 - -----------------------------------
2025-11-08 14:17:06,971 - my_fastapi_app - INFO - /home/yasin/all_program/cpl/app/logger.py:74 - Logger initialized. Daily rotation at midnight enabled.
2025-11-08 14:17:06,971 - my_fastapi_app - INFO - /home/yasin/all_program/cpl/app/lifespan.py:18 - Logger setup completed during startup.
2025-11-08 14:17:07,006 - my_fastapi_app - INFO - /home/yasin/all_program/cpl/app/lifespan.py:24 - -----------------------------------
2025-11-08 14:17:07,006 - my_fastapi_app - INFO - /home/yasin/all_program/cpl/app/lifespan.py:25 - Database schema created at 08/11/2025, 08:17:07
2025-11-08 14:17:07,006 - my_fastapi_app - INFO - /home/yasin/all_program/cpl/app/lifespan.py:26 - -----------------------------------
2025-11-08 14:18:07,106 - my_fastapi_app - INFO - /home/yasin/all_program/cpl/app/middleware.py:97 - POST /api/v1/upload/player/profile 200 from 127.0.0.1 in 0.125888s
2025-11-08 14:18:08,645 - my_fastapi_app - INFO - /home/yasin/all_program/cpl/app/middleware.py:97 - POST /api/v1/upload/player/profile 200 from 127.0.0.1 in 0.015779s
2025-11-08 14:19:58,495 - my_fastapi_app - INFO - /home/yasin/all_program/cpl/app/lifespan.py:40 - Database connections closed
2025-11-08 14:20:02,702 - my_fastapi_app - INFO - /home/yasin/all_program/cpl/app/logger.py:74 - Logger initialized. Daily rotation at midnight enabled.
2025-11-08 14:20:02,702 - my_fastapi_app - INFO - /home/yasin/all_program/cpl/app/lifespan.py:18 - Logger setup completed during startup.
2025-11-08 14:20:02,734 - my_fastapi_app - INFO - /home/yasin/all_program/cpl/app/lifespan.py:24 - -----------------------------------
2025-11-08 14:20:02,735 - my_fastapi_app - INFO - /home/yasin/all_program/cpl/app/lifespan.py:25 - Database schema created at 08/11/2025, 08:20:02
2025-11-08 14:20:02,735 - my_fastapi_app - INFO - /home/yasin/all_program/cpl/app/lifespan.py:26 - -----------------------------------
2025-11-08 14:20:05,578 - my_fastapi_app - INFO - /home/yasin/all_program/cpl/app/logger.py:74 - Logger initialized. Daily rotation at midnight enabled.
2025-11-08 14:20:05,578 - my_fastapi_app - INFO - /home/yasin/all_program/cpl/app/lifespan.py:18 - Logger setup completed during startup.
2025-11-08 14:20:05,613 - my_fastapi_app - INFO - /home/yasin/all_program/cpl/app/lifespan.py:24 - -----------------------------------
2025-11-08 14:20:05,613 - my_fastapi_app - INFO - /home/yasin/all_program/cpl/app/lifespan.py:25 - Database schema created at 08/11/2025, 08:20:05
2025-11-08 14:20:05,614 - my_fastapi_app - INFO - /home/yasin/all_program/cpl/app/lifespan.py:26 - -----------------------------------
2025-11-08 14:20:08,754 - my_fastapi_app - INFO - /home/yasin/all_program/cpl/app/logger.py:74 - Logger initialized. Daily rotation at midnight enabled.
2025-11-08 14:20:08,754 - my_fastapi_app - INFO - /home/yasin/all_program/cpl/app/lifespan.py:18 - Logger setup completed during startup.
2025-11-08 14:20:08,792 - my_fastapi_app - INFO - /home/yasin/all_program/cpl/app/lifespan.py:24 - -----------------------------------
2025-11-08 14:20:08,792 - my_fastapi_app - INFO - /home/yasin/all_program/cpl/app/lifespan.py:25 - Database schema created at 08/11/2025, 08:20:08
2025-11-08 14:20:08,792 - my_fastapi_app - INFO - /home/yasin/all_program/cpl/app/lifespan.py:26 - -----------------------------------
2025-11-08 14:20:12,107 - my_fastapi_app - INFO - /home/yasin/all_program/cpl/app/logger.py:74 - Logger initialized. Daily rotation at midnight enabled.
2025-11-08 14:20:12,107 - my_fastapi_app - INFO - /home/yasin/all_program/cpl/app/lifespan.py:18 - Logger setup completed during startup.
2025-11-08 14:20:12,146 - my_fastapi_app - INFO - /home/yasin/all_program/cpl/app/lifespan.py:24 - -----------------------------------
2025-11-08 14:20:12,146 - my_fastapi_app - INFO - /home/yasin/all_program/cpl/app/lifespan.py:25 - Database schema created at 08/11/2025, 08:20:12
2025-11-08 14:20:12,146 - my_fastapi_app - INFO - /home/yasin/all_program/cpl/app/lifespan.py:26 - -----------------------------------
2025-11-08 14:21:20,675 - my_fastapi_app - INFO - /home/yasin/all_program/cpl/app/lifespan.py:40 - Database connections closed
2025-11-08 14:21:23,746 - my_fastapi_app - INFO - /home/yasin/all_program/cpl/app/logger.py:74 - Logger initialized. Daily rotation at midnight enabled.
2025-11-08 14:21:23,747 - my_fastapi_app - INFO - /home/yasin/all_program/cpl/app/lifespan.py:18 - Logger setup completed during startup.
2025-11-08 14:21:23,789 - my_fastapi_app - INFO - /home/yasin/all_program/cpl/app/lifespan.py:24 - -----------------------------------
2025-11-08 14:21:23,790 - my_fastapi_app - INFO - /home/yasin/all_program/cpl/app/lifespan.py:25 - Database schema created at 08/11/2025, 08:21:23
2025-11-08 14:21:23,790 - my_fastapi_app - INFO - /home/yasin/all_program/cpl/app/lifespan.py:26 - -----------------------------------
2025-11-08 14:21:26,595 - my_fastapi_app - INFO - /home/yasin/all_program/cpl/app/logger.py:74 - Logger initialized. Daily rotation at midnight enabled.
2025-11-08 14:21:26,595 - my_fastapi_app - INFO - /home/yasin/all_program/cpl/app/lifespan.py:18 - Logger setup completed during startup.
2025-11-08 14:21:26,627 - my_fastapi_app - INFO - /home/yasin/all_program/cpl/app/lifespan.py:24 - -----------------------------------
2025-11-08 14:21:26,627 - my_fastapi_app - INFO - /home/yasin/all_program/cpl/app/lifespan.py:25 - Database schema created at 08/11/2025, 08:21:26
2025-11-08 14:21:26,627 - my_fastapi_app - INFO - /home/yasin/all_program/cpl/app/lifespan.py:26 - -----------------------------------
2025-11-08 14:21:42,672 - my_fastapi_app - INFO - /home/yasin/all_program/cpl/app/middleware.py:97 - POST /api/v1/upload/player/profile 200 from 127.0.0.1 in 0.158278s
2025-11-08 14:21:44,366 - my_fastapi_app - INFO - /home/yasin/all_program/cpl/app/middleware.py:97 - POST /api/v1/upload/player/profile 200 from 127.0.0.1 in 0.016145s
2025-11-08 14:23:59,753 - my_fastapi_app - INFO - /home/yasin/all_program/cpl/app/middleware.py:97 - POST /api/v1/upload/player/profile 200 from 127.0.0.1 in 0.015481s
2025-11-08 14:24:11,500 - my_fastapi_app - INFO - /home/yasin/all_program/cpl/app/middleware.py:97 - POST /api/v1/upload/player/profile 200 from 127.0.0.1 in 0.017008s
2025-11-08 14:24:14,211 - my_fastapi_app - INFO - /home/yasin/all_program/cpl/app/middleware.py:97 - POST /api/v1/upload/player/profile 200 from 127.0.0.1 in 0.018798s
2025-11-08 16:39:21,991 - my_fastapi_app - INFO - /home/yasin/all_program/cpl/app/middleware.py:97 - POST /api/v1/upload/player/profile 200 from 127.0.0.1 in 0.038830s
2025-11-08 16:39:24,142 - my_fastapi_app - INFO - /home/yasin/all_program/cpl/app/middleware.py:97 - POST /api/v1/upload/player/profile 200 from 127.0.0.1 in 0.021940s
2025-11-08 16:48:04,931 - my_fastapi_app - INFO - /home/yasin/all_program/cpl/app/middleware.py:97 - POST /api/v1/upload/player/profile 200 from 127.0.0.1 in 0.017650s
2025-11-08 16:48:06,854 - my_fastapi_app - INFO - /home/yasin/all_program/cpl/app/middleware.py:97 - POST /api/v1/upload/player/profile 200 from 127.0.0.1 in 0.014312s
2025-11-08 16:49:35,966 - my_fastapi_app - INFO - /home/yasin/all_program/cpl/app/lifespan.py:40 - Database connections closed
2025-11-08 16:49:40,491 - my_fastapi_app - INFO - /home/yasin/all_program/cpl/app/logger.py:74 - Logger initialized. Daily rotation at midnight enabled.
2025-11-08 16:49:40,491 - my_fastapi_app - INFO - /home/yasin/all_program/cpl/app/lifespan.py:18 - Logger setup completed during startup.
2025-11-08 16:49:40,535 - my_fastapi_app - INFO - /home/yasin/all_program/cpl/app/lifespan.py:24 - -----------------------------------
2025-11-08 16:49:40,536 - my_fastapi_app - INFO - /home/yasin/all_program/cpl/app/lifespan.py:25 - Database schema created at 08/11/2025, 10:49:40
2025-11-08 16:49:40,536 - my_fastapi_app - INFO - /home/yasin/all_program/cpl/app/lifespan.py:26 - -----------------------------------
2025-11-08 16:50:21,904 - my_fastapi_app - INFO - /home/yasin/all_program/cpl/app/middleware.py:97 - POST /api/v1/upload/player/profile 200 from 127.0.0.1 in 0.140991s
2025-11-08 16:50:25,289 - my_fastapi_app - INFO - /home/yasin/all_program/cpl/app/middleware.py:97 - POST /api/v1/upload/player/profile 200 from 127.0.0.1 in 0.022073s
2025-11-08 17:12:57,886 - my_fastapi_app - INFO - /home/yasin/all_program/cpl/app/lifespan.py:40 - Database connections closed
2025-11-08 17:13:02,204 - my_fastapi_app - INFO - /home/yasin/all_program/cpl/app/logger.py:74 - Logger initialized. Daily rotation at midnight enabled.
2025-11-08 17:13:02,204 - my_fastapi_app - INFO - /home/yasin/all_program/cpl/app/lifespan.py:18 - Logger setup completed during startup.
2025-11-08 17:13:02,246 - my_fastapi_app - INFO - /home/yasin/all_program/cpl/app/lifespan.py:24 - -----------------------------------
2025-11-08 17:13:02,246 - my_fastapi_app - INFO - /home/yasin/all_program/cpl/app/lifespan.py:25 - Database schema created at 08/11/2025, 11:13:02
2025-11-08 17:13:02,246 - my_fastapi_app - INFO - /home/yasin/all_program/cpl/app/lifespan.py:26 - -----------------------------------
2025-11-08 17:13:05,199 - my_fastapi_app - INFO - /home/yasin/all_program/cpl/app/logger.py:74 - Logger initialized. Daily rotation at midnight enabled.
2025-11-08 17:13:05,199 - my_fastapi_app - INFO - /home/yasin/all_program/cpl/app/lifespan.py:18 - Logger setup completed during startup.
2025-11-08 17:13:05,229 - my_fastapi_app - INFO - /home/yasin/all_program/cpl/app/lifespan.py:24 - -----------------------------------
2025-11-08 17:13:05,229 - my_fastapi_app - INFO - /home/yasin/all_program/cpl/app/lifespan.py:25 - Database schema created at 08/11/2025, 11:13:05
2025-11-08 17:13:05,229 - my_fastapi_app - INFO - /home/yasin/all_program/cpl/app/lifespan.py:26 - -----------------------------------
2025-11-08 17:13:13,571 - my_fastapi_app - INFO - /home/yasin/all_program/cpl/app/lifespan.py:40 - Database connections closed
2025-11-08 17:13:22,509 - my_fastapi_app - INFO - /home/yasin/all_program/cpl/app/logger.py:74 - Logger initialized. Daily rotation at midnight enabled.
2025-11-08 17:13:22,509 - my_fastapi_app - INFO - /home/yasin/all_program/cpl/app/lifespan.py:18 - Logger setup completed during startup.
2025-11-08 17:13:22,552 - my_fastapi_app - INFO - /home/yasin/all_program/cpl/app/lifespan.py:24 - -----------------------------------
2025-11-08 17:13:22,553 - my_fastapi_app - INFO - /home/yasin/all_program/cpl/app/lifespan.py:25 - Database schema created at 08/11/2025, 11:13:22
2025-11-08 17:13:22,553 - my_fastapi_app - INFO - /home/yasin/all_program/cpl/app/lifespan.py:26 - -----------------------------------
2025-11-08 17:13:23,061 - my_fastapi_app - INFO - /home/yasin/all_program/cpl/app/lifespan.py:40 - Database connections closed
2025-11-08 17:13:27,026 - my_fastapi_app - INFO - /home/yasin/all_program/cpl/app/logger.py:74 - Logger initialized. Daily rotation at midnight enabled.
2025-11-08 17:13:27,027 - my_fastapi_app - INFO - /home/yasin/all_program/cpl/app/lifespan.py:18 - Logger setup completed during startup.
2025-11-08 17:13:27,074 - my_fastapi_app - INFO - /home/yasin/all_program/cpl/app/lifespan.py:24 - -----------------------------------
2025-11-08 17:13:27,075 - my_fastapi_app - INFO - /home/yasin/all_program/cpl/app/lifespan.py:25 - Database schema created at 08/11/2025, 11:13:27
2025-11-08 17:13:27,075 - my_fastapi_app - INFO - /home/yasin/all_program/cpl/app/lifespan.py:26 - -----------------------------------
2025-11-08 17:13:31,556 - my_fastapi_app - INFO - /home/yasin/all_program/cpl/app/logger.py:74 - Logger initialized. Daily rotation at midnight enabled.
2025-11-08 17:13:31,556 - my_fastapi_app - INFO - /home/yasin/all_program/cpl/app/lifespan.py:18 - Logger setup completed during startup.
2025-11-08 17:13:31,609 - my_fastapi_app - INFO - /home/yasin/all_program/cpl/app/lifespan.py:24 - -----------------------------------
2025-11-08 17:13:31,609 - my_fastapi_app - INFO - /home/yasin/all_program/cpl/app/lifespan.py:25 - Database schema created at 08/11/2025, 11:13:31
2025-11-08 17:13:31,610 - my_fastapi_app - INFO - /home/yasin/all_program/cpl/app/lifespan.py:26 - -----------------------------------
2025-11-08 17:13:35,408 - my_fastapi_app - INFO - /home/yasin/all_program/cpl/app/logger.py:74 - Logger initialized. Daily rotation at midnight enabled.
2025-11-08 17:13:35,408 - my_fastapi_app - INFO - /home/yasin/all_program/cpl/app/lifespan.py:18 - Logger setup completed during startup.
2025-11-08 17:13:35,466 - my_fastapi_app - INFO - /home/yasin/all_program/cpl/app/lifespan.py:24 - -----------------------------------
2025-11-08 17:13:35,469 - my_fastapi_app - INFO - /home/yasin/all_program/cpl/app/lifespan.py:25 - Database schema created at 08/11/2025, 11:13:35
2025-11-08 17:13:35,472 - my_fastapi_app - INFO - /home/yasin/all_program/cpl/app/lifespan.py:26 - -----------------------------------
2025-11-08 17:13:38,306 - my_fastapi_app - INFO - /home/yasin/all_program/cpl/app/logger.py:74 - Logger initialized. Daily rotation at midnight enabled.
2025-11-08 17:13:38,306 - my_fastapi_app - INFO - /home/yasin/all_program/cpl/app/lifespan.py:18 - Logger setup completed during startup.
2025-11-08 17:13:38,335 - my_fastapi_app - INFO - /home/yasin/all_program/cpl/app/lifespan.py:24 - -----------------------------------
2025-11-08 17:13:38,335 - my_fastapi_app - INFO - /home/yasin/all_program/cpl/app/lifespan.py:25 - Database schema created at 08/11/2025, 11:13:38
2025-11-08 17:13:38,335 - my_fastapi_app - INFO - /home/yasin/all_program/cpl/app/lifespan.py:26 - -----------------------------------
2025-11-08 17:13:41,348 - my_fastapi_app - INFO - /home/yasin/all_program/cpl/app/logger.py:74 - Logger initialized. Daily rotation at midnight enabled.
2025-11-08 17:13:41,348 - my_fastapi_app - INFO - /home/yasin/all_program/cpl/app/lifespan.py:18 - Logger setup completed during startup.
2025-11-08 17:13:41,381 - my_fastapi_app - INFO - /home/yasin/all_program/cpl/app/lifespan.py:24 - -----------------------------------
2025-11-08 17:13:41,381 - my_fastapi_app - INFO - /home/yasin/all_program/cpl/app/lifespan.py:25 - Database schema created at 08/11/2025, 11:13:41
2025-11-08 17:13:41,381 - my_fastapi_app - INFO - /home/yasin/all_program/cpl/app/lifespan.py:26 - -----------------------------------
2025-11-08 17:13:44,265 - my_fastapi_app - INFO - /home/yasin/all_program/cpl/app/logger.py:74 - Logger initialized. Daily rotation at midnight enabled.
2025-11-08 17:13:44,265 - my_fastapi_app - INFO - /home/yasin/all_program/cpl/app/lifespan.py:18 - Logger setup completed during startup.
2025-11-08 17:13:44,294 - my_fastapi_app - INFO - /home/yasin/all_program/cpl/app/lifespan.py:24 - -----------------------------------
2025-11-08 17:13:44,294 - my_fastapi_app - INFO - /home/yasin/all_program/cpl/app/lifespan.py:25 - Database schema created at 08/11/2025, 11:13:44
2025-11-08 17:13:44,294 - my_fastapi_app - INFO - /home/yasin/all_program/cpl/app/lifespan.py:26 - -----------------------------------
2025-11-08 17:13:46,855 - my_fastapi_app - INFO - /home/yasin/all_program/cpl/app/logger.py:74 - Logger initialized. Daily rotation at midnight enabled.
2025-11-08 17:13:46,855 - my_fastapi_app - INFO - /home/yasin/all_program/cpl/app/lifespan.py:18 - Logger setup completed during startup.
2025-11-08 17:13:46,889 - my_fastapi_app - INFO - /home/yasin/all_program/cpl/app/lifespan.py:24 - -----------------------------------
2025-11-08 17:13:46,889 - my_fastapi_app - INFO - /home/yasin/all_program/cpl/app/lifespan.py:25 - Database schema created at 08/11/2025, 11:13:46
2025-11-08 17:13:46,889 - my_fastapi_app - INFO - /home/yasin/all_program/cpl/app/lifespan.py:26 - -----------------------------------
2025-11-08 17:13:49,607 - my_fastapi_app - INFO - /home/yasin/all_program/cpl/app/logger.py:74 - Logger initialized. Daily rotation at midnight enabled.
2025-11-08 17:13:49,607 - my_fastapi_app - INFO - /home/yasin/all_program/cpl/app/lifespan.py:18 - Logger setup completed during startup.
2025-11-08 17:13:49,636 - my_fastapi_app - INFO - /home/yasin/all_program/cpl/app/lifespan.py:24 - -----------------------------------
2025-11-08 17:13:49,636 - my_fastapi_app - INFO - /home/yasin/all_program/cpl/app/lifespan.py:25 - Database schema created at 08/11/2025, 11:13:49
2025-11-08 17:13:49,636 - my_fastapi_app - INFO - /home/yasin/all_program/cpl/app/lifespan.py:26 - -----------------------------------
2025-11-08 17:14:13,470 - my_fastapi_app - INFO - /home/yasin/all_program/cpl/app/middleware.py:97 - POST /api/v1/upload/player/profile 200 from 127.0.0.1 in 0.126351s
2025-11-08 17:14:15,091 - my_fastapi_app - INFO - /home/yasin/all_program/cpl/app/middleware.py:97 - POST /api/v1/upload/player/profile 200 from 127.0.0.1 in 0.013848s
2025-11-08 17:56:15,273 - my_fastapi_app - INFO - /home/yasin/all_program/cpl/app/lifespan.py:40 - Database connections closed
2025-11-08 17:56:22,859 - my_fastapi_app - INFO - /home/yasin/all_program/cpl/app/logger.py:74 - Logger initialized. Daily rotation at midnight enabled.
2025-11-08 17:56:22,859 - my_fastapi_app - INFO - /home/yasin/all_program/cpl/app/lifespan.py:18 - Logger setup completed during startup.
2025-11-08 17:56:22,900 - my_fastapi_app - INFO - /home/yasin/all_program/cpl/app/lifespan.py:24 - -----------------------------------
2025-11-08 17:56:22,900 - my_fastapi_app - INFO - /home/yasin/all_program/cpl/app/lifespan.py:25 - Database schema created at 08/11/2025, 11:56:22
2025-11-08 17:56:22,900 - my_fastapi_app - INFO - /home/yasin/all_program/cpl/app/lifespan.py:26 - -----------------------------------
2025-11-08 17:56:25,631 - my_fastapi_app - INFO - /home/yasin/all_program/cpl/app/logger.py:74 - Logger initialized. Daily rotation at midnight enabled.
2025-11-08 17:56:25,631 - my_fastapi_app - INFO - /home/yasin/all_program/cpl/app/lifespan.py:18 - Logger setup completed during startup.
2025-11-08 17:56:25,676 - my_fastapi_app - INFO - /home/yasin/all_program/cpl/app/lifespan.py:24 - -----------------------------------
2025-11-08 17:56:25,676 - my_fastapi_app - INFO - /home/yasin/all_program/cpl/app/lifespan.py:25 - Database schema created at 08/11/2025, 11:56:25
2025-11-08 17:56:25,676 - my_fastapi_app - INFO - /home/yasin/all_program/cpl/app/lifespan.py:26 - -----------------------------------
2025-11-08 17:56:28,532 - my_fastapi_app - INFO - /home/yasin/all_program/cpl/app/logger.py:74 - Logger initialized. Daily rotation at midnight enabled.
2025-11-08 17:56:28,532 - my_fastapi_app - INFO - /home/yasin/all_program/cpl/app/lifespan.py:18 - Logger setup completed during startup.
2025-11-08 17:56:28,562 - my_fastapi_app - INFO - /home/yasin/all_program/cpl/app/lifespan.py:24 - -----------------------------------
2025-11-08 17:56:28,562 - my_fastapi_app - INFO - /home/yasin/all_program/cpl/app/lifespan.py:25 - Database schema created at 08/11/2025, 11:56:28
2025-11-08 17:56:28,562 - my_fastapi_app - INFO - /home/yasin/all_program/cpl/app/lifespan.py:26 - -----------------------------------
2025-11-08 17:56:45,080 - my_fastapi_app - INFO - /home/yasin/all_program/cpl/app/middleware.py:97 - POST /api/v1/upload/player/profile 200 from 127.0.0.1 in 0.122382s
2025-11-08 17:56:47,595 - my_fastapi_app - INFO - /home/yasin/all_program/cpl/app/middleware.py:97 - POST /api/v1/upload/player/profile 200 from 127.0.0.1 in 0.015495s
2025-11-08 18:00:44,690 - my_fastapi_app - INFO - /home/yasin/all_program/cpl/app/lifespan.py:40 - Database connections closed
2025-11-08 18:00:48,218 - my_fastapi_app - INFO - /home/yasin/all_program/cpl/app/logger.py:74 - Logger initialized. Daily rotation at midnight enabled.
2025-11-08 18:00:48,218 - my_fastapi_app - INFO - /home/yasin/all_program/cpl/app/lifespan.py:18 - Logger setup completed during startup.
2025-11-08 18:00:48,259 - my_fastapi_app - INFO - /home/yasin/all_program/cpl/app/lifespan.py:24 - -----------------------------------
2025-11-08 18:00:48,259 - my_fastapi_app - INFO - /home/yasin/all_program/cpl/app/lifespan.py:25 - Database schema created at 08/11/2025, 12:00:48
2025-11-08 18:00:48,259 - my_fastapi_app - INFO - /home/yasin/all_program/cpl/app/lifespan.py:26 - -----------------------------------
2025-11-08 18:00:51,923 - my_fastapi_app - INFO - /home/yasin/all_program/cpl/app/logger.py:74 - Logger initialized. Daily rotation at midnight enabled.
2025-11-08 18:00:51,923 - my_fastapi_app - INFO - /home/yasin/all_program/cpl/app/lifespan.py:18 - Logger setup completed during startup.
2025-11-08 18:00:51,953 - my_fastapi_app - INFO - /home/yasin/all_program/cpl/app/lifespan.py:24 - -----------------------------------
2025-11-08 18:00:51,953 - my_fastapi_app - INFO - /home/yasin/all_program/cpl/app/lifespan.py:25 - Database schema created at 08/11/2025, 12:00:51
2025-11-08 18:00:51,953 - my_fastapi_app - INFO - /home/yasin/all_program/cpl/app/lifespan.py:26 - -----------------------------------
2025-11-08 18:00:54,987 - my_fastapi_app - INFO - /home/yasin/all_program/cpl/app/logger.py:74 - Logger initialized. Daily rotation at midnight enabled.
2025-11-08 18:00:54,987 - my_fastapi_app - INFO - /home/yasin/all_program/cpl/app/lifespan.py:18 - Logger setup completed during startup.
2025-11-08 18:00:55,019 - my_fastapi_app - INFO - /home/yasin/all_program/cpl/app/lifespan.py:24 - -----------------------------------
2025-11-08 18:00:55,019 - my_fastapi_app - INFO - /home/yasin/all_program/cpl/app/lifespan.py:25 - Database schema created at 08/11/2025, 12:00:55
2025-11-08 18:00:55,019 - my_fastapi_app - INFO - /home/yasin/all_program/cpl/app/lifespan.py:26 - -----------------------------------
2025-11-08 18:01:13,269 - my_fastapi_app - INFO - /home/yasin/all_program/cpl/app/middleware.py:97 - POST /api/v1/upload/player/profile 200 from 127.0.0.1 in 0.142363s
2025-11-08 18:01:14,952 - my_fastapi_app - INFO - /home/yasin/all_program/cpl/app/middleware.py:97 - POST /api/v1/upload/player/profile 200 from 127.0.0.1 in 0.014161s
2025-11-08 18:01:17,457 - my_fastapi_app - INFO - /home/yasin/all_program/cpl/app/middleware.py:97 - POST /api/v1/upload/player/profile 200 from 127.0.0.1 in 0.016393s
2025-11-08 18:01:19,842 - my_fastapi_app - INFO - /home/yasin/all_program/cpl/app/middleware.py:97 - POST /api/v1/upload/player/profile 200 from 127.0.0.1 in 0.013770s
2025-11-08 18:01:21,727 - my_fastapi_app - INFO - /home/yasin/all_program/cpl/app/middleware.py:97 - POST /api/v1/upload/player/profile 200 from 127.0.0.1 in 0.013104s
2025-11-08 18:01:23,499 - my_fastapi_app - INFO - /home/yasin/all_program/cpl/app/middleware.py:97 - POST /api/v1/upload/player/profile 200 from 127.0.0.1 in 0.025634s
2025-11-08 18:06:16,406 - my_fastapi_app - INFO - /home/yasin/all_program/cpl/app/middleware.py:97 - POST /api/v1/upload/player/profile 200 from 127.0.0.1 in 0.023701s
2025-11-08 18:06:19,188 - my_fastapi_app - INFO - /home/yasin/all_program/cpl/app/middleware.py:97 - POST /api/v1/upload/player/profile 200 from 127.0.0.1 in 0.018170s
2025-11-08 18:06:21,485 - my_fastapi_app - INFO - /home/yasin/all_program/cpl/app/middleware.py:97 - POST /api/v1/upload/player/profile 200 from 127.0.0.1 in 0.016075s
2025-11-08 18:06:23,506 - my_fastapi_app - INFO - /home/yasin/all_program/cpl/app/middleware.py:97 - POST /api/v1/upload/player/profile 200 from 127.0.0.1 in 0.019509s
2025-11-08 18:06:28,142 - my_fastapi_app - INFO - /home/yasin/all_program/cpl/app/middleware.py:97 - POST /api/v1/upload/player/profile 200 from 127.0.0.1 in 0.014044s
2025-11-08 18:06:29,867 - my_fastapi_app - INFO - /home/yasin/all_program/cpl/app/middleware.py:97 - POST /api/v1/upload/player/profile 200 from 127.0.0.1 in 0.014181s
2025-11-08 19:27:31,649 - my_fastapi_app - INFO - /home/yasin/all_program/cpl/app/lifespan.py:40 - Database connections closed
